d:\github\itkpu1-01\exercise3_1\exercise3_1\exercise3_1\debug\exercise3_1.pch
d:\github\itkpu1-01\exercise3_1\exercise3_1\exercise3_1\debug\vc140.pdb
d:\github\itkpu1-01\exercise3_1\exercise3_1\exercise3_1\debug\vc140.idb
d:\github\itkpu1-01\exercise3_1\exercise3_1\exercise3_1\debug\stdafx.obj
d:\github\itkpu1-01\exercise3_1\exercise3_1\exercise3_1\debug\calc.obj
d:\github\itkpu1-01\exercise3_1\exercise3_1\exercise3_1\debug\exercise3_1.obj
d:\github\itkpu1-01\exercise3_1\exercise3_1\exercise3_1\debug\dllmain.obj
d:\github\itkpu1-01\exercise3_1\exercise3_1\exercise3_1\debug\exercise3_1_i.obj
d:\github\itkpu1-01\exercise3_1\exercise3_1\debug\exercise3_1.lib
d:\github\itkpu1-01\exercise3_1\exercise3_1\debug\exercise3_1.exp
d:\github\itkpu1-01\exercise3_1\exercise3_1\debug\exercise3_1.ilk
d:\github\itkpu1-01\exercise3_1\exercise3_1\debug\exercise3_1.dll
d:\github\itkpu1-01\exercise3_1\exercise3_1\debug\exercise3_1.pdb
d:\github\itkpu1-01\exercise3_1\exercise3_1\exercise3_1\debug\exercise3_1.tlb
d:\github\itkpu1-01\exercise3_1\exercise3_1\exercise3_1\exercise3_1_p.c
d:\github\itkpu1-01\exercise3_1\exercise3_1\exercise3_1\exercise3_1_i.c
d:\github\itkpu1-01\exercise3_1\exercise3_1\exercise3_1\exercise3_1_i.h
d:\github\itkpu1-01\exercise3_1\exercise3_1\exercise3_1\debug\exercise3_1.res
d:\github\itkpu1-01\exercise3_1\exercise3_1\exercise3_1\debug\exercise3_1.tlog\cl.command.1.tlog
d:\github\itkpu1-01\exercise3_1\exercise3_1\exercise3_1\debug\exercise3_1.tlog\cl.read.1.tlog
d:\github\itkpu1-01\exercise3_1\exercise3_1\exercise3_1\debug\exercise3_1.tlog\cl.write.1.tlog
d:\github\itkpu1-01\exercise3_1\exercise3_1\exercise3_1\debug\exercise3_1.tlog\exercise3_1.write.1u.tlog
d:\github\itkpu1-01\exercise3_1\exercise3_1\exercise3_1\debug\exercise3_1.tlog\link.command.1.tlog
d:\github\itkpu1-01\exercise3_1\exercise3_1\exercise3_1\debug\exercise3_1.tlog\link.read.1.tlog
d:\github\itkpu1-01\exercise3_1\exercise3_1\exercise3_1\debug\exercise3_1.tlog\link.write.1.tlog
d:\github\itkpu1-01\exercise3_1\exercise3_1\exercise3_1\debug\exercise3_1.tlog\midl.command.1.tlog
d:\github\itkpu1-01\exercise3_1\exercise3_1\exercise3_1\debug\exercise3_1.tlog\midl.read.1.tlog
d:\github\itkpu1-01\exercise3_1\exercise3_1\exercise3_1\debug\exercise3_1.tlog\midl.write.1.tlog
d:\github\itkpu1-01\exercise3_1\exercise3_1\exercise3_1\debug\exercise3_1.tlog\rc.command.1.tlog
d:\github\itkpu1-01\exercise3_1\exercise3_1\exercise3_1\debug\exercise3_1.tlog\rc.read.1.tlog
d:\github\itkpu1-01\exercise3_1\exercise3_1\exercise3_1\debug\exercise3_1.tlog\rc.write.1.tlog
