  Processing .\exercise3_1.idl
  exercise3_1.idl
  Processing C:\Program Files (x86)\Windows Kits\8.1\Include\um\oaidl.idl
  oaidl.idl
  Processing C:\Program Files (x86)\Windows Kits\8.1\Include\um\objidl.idl
  objidl.idl
  Processing C:\Program Files (x86)\Windows Kits\8.1\Include\um\unknwn.idl
  unknwn.idl
  Processing C:\Program Files (x86)\Windows Kits\8.1\Include\shared\wtypes.idl
  wtypes.idl
  Processing C:\Program Files (x86)\Windows Kits\8.1\Include\shared\wtypesbase.idl
  wtypesbase.idl
  Processing C:\Program Files (x86)\Windows Kits\8.1\Include\shared\basetsd.h
  basetsd.h
  Processing C:\Program Files (x86)\Windows Kits\8.1\Include\shared\guiddef.h
  guiddef.h
  Processing C:\Program Files (x86)\Windows Kits\8.1\Include\um\ocidl.idl
  ocidl.idl
  Processing C:\Program Files (x86)\Windows Kits\8.1\Include\um\oleidl.idl
  oleidl.idl
  Processing C:\Program Files (x86)\Windows Kits\8.1\Include\um\servprov.idl
  servprov.idl
  Processing C:\Program Files (x86)\Windows Kits\8.1\Include\um\urlmon.idl
  urlmon.idl
  Processing C:\Program Files (x86)\Windows Kits\8.1\Include\um\msxml.idl
  msxml.idl
  Processing C:\Program Files (x86)\Windows Kits\8.1\Include\um\oaidl.acf
  oaidl.acf
  Processing C:\Program Files (x86)\Windows Kits\8.1\Include\um\ocidl.acf
  ocidl.acf
  stdafx.cpp
  exercise3_1.cpp
  calc.cpp
  Generating Code...
  dllmain.cpp
  exercise3_1_i.c
     Creating library D:\github\ITKPU1-01\exercise3_1\exercise3_1\Debug\exercise3_1.lib and object D:\github\ITKPU1-01\exercise3_1\exercise3_1\Debug\exercise3_1.exp
  exercise3_1.vcxproj -> D:\github\ITKPU1-01\exercise3_1\exercise3_1\Debug\exercise3_1.dll
  exercise3_1.vcxproj -> D:\github\ITKPU1-01\exercise3_1\exercise3_1\Debug\exercise3_1.pdb (Partial PDB)
